#
# A fatal error has been detected by the Java Runtime Environment:
#
#  EXCEPTION_ACCESS_VIOLATION (0xc0000005) at pc=0x00000230bec5ae2c, pid=18264, tid=10224
#
# JRE version: Java(TM) SE Runtime Environment (21.0.2+13) (build 21.0.2+13-LTS-58)
# Java VM: Java HotSpot(TM) 64-Bit Server VM (21.0.2+13-LTS-58, mixed mode, sharing, tiered, compressed oops, compressed class ptrs, g1 gc, windows-amd64)
# Problematic frame:
# v  ~BufferBlob::MethodHandles adapters 0x00000230bec5ae2c
#
# No core dump will be written. Minidumps are not enabled by default on client versions of Windows
#
# If you would like to submit a bug report, please visit:
#   https://bugreport.java.com/bugreport/crash.jsp
#

---------------  S U M M A R Y ------------

Command Line: -XX:+ShowCodeDetailsInExceptionMessages -agentlib:jdwp=transport=dt_socket,suspend=y,address=localhost:54880 -ea -javaagent:C:\Users\Sebas\eclipse\jee-2023-12\eclipse\configuration\org.eclipse.osgi\434\0\.cp\lib\javaagent-shaded.jar -Dfile.encoding=UTF-8 -Dstdout.encoding=UTF-8 -Dstderr.encoding=UTF-8 org.eclipse.jdt.internal.junit.runner.RemoteTestRunner -version 3 -port 54879 -testLoaderClass org.eclipse.jdt.internal.junit5.runner.JUnit5TestLoader -loaderpluginname org.eclipse.jdt.junit5.runtime -classNames com.UD21.Calculadora.T21_Ej1.GeometriaTest

Host: 11th Gen Intel(R) Core(TM) i5-1135G7 @ 2.40GHz, 8 cores, 7G,  Windows 11 , 64 bit Build 22621 (10.0.22621.3527)
Time: Wed Jun  5 11:40:44 2024 Hora de ver. Europa Occidental elapsed time: 9.575356 seconds (0d 0h 0m 9s)

---------------  T H R E A D  ---------------

Current thread (0x00000230af299050):  JavaThread "main"             [_thread_in_Java, id=10224, stack(0x0000007a1b200000,0x0000007a1b300000) (1024K)]

Stack: [0x0000007a1b200000,0x0000007a1b300000],  sp=0x0000007a1b2fd018,  free space=1012k
Native frames: (J=compiled Java code, j=interpreted, Vv=VM code, C=native code)
C  0x00000230bec5ae2c

The last pc belongs to _linkToSpecial (printed below).

siginfo: EXCEPTION_ACCESS_VIOLATION (0xc0000005), reading address 0xffffffffffffffff


Registers:
RAX=0x00000230bec2919a, RBX=0x8b0209b000000000, RCX=0x0000007a1b2fd020, RDX=0x0000000000000002
RSP=0x0000007a1b2fd018, RBP=0x0000007a1b2fd068, RSI=0x0000023111bfee58, RDI=0x0000023111c1fa90
R8 =0x0000000000000002, R9 =0x0000000000000002, R10=0x00000230cc000000, R11=0x00000230cc0b6c70
R12=0x0000000000000000, R13=0x0000007a1b2fd018, R14=0x0000007a1b2fd088, R15=0x00000230af299050
RIP=0x00000230bec5ae2c, EFLAGS=0x0000000000010202


Register to memory mapping:

RAX=0x00000230bec2919a is at code_begin+3354 in an Interpreter codelet
return entry points  [0x00000230bec28480, 0x00000230bec2a550]  8400 bytes
RBX=0x8b0209b000000000 is an unknown value
RCX=0x0000007a1b2fd020 is pointing into the stack for thread: 0x00000230af299050
RDX=0x0000000000000002 is an unknown value
RSP=0x0000007a1b2fd018 is pointing into the stack for thread: 0x00000230af299050
RBP=0x0000007a1b2fd068 is pointing into the stack for thread: 0x00000230af299050
RSI=0x0000023111bfee58 points into unknown readable memory: 0x88002d0078527f8a | 8a 7f 52 78 00 2d 00 88
RDI=0x0000023111c1fa90 points into unknown readable memory: 0x0000001800000070 | 70 00 00 00 18 00 00 00
R8 =0x0000000000000002 is an unknown value
R9 =0x0000000000000002 is an unknown value
R10=0x00000230cc000000 is pointing into metadata
R11={method} {0x00000230cc0b6c78} 'newInvokeSpecial' '(Ljava/lang/Object;)Ljava/lang/Object;' in 'java/lang/invoke/DirectMethodHandle$Holder'
R12=0x0 is null
R13=0x0000007a1b2fd018 is pointing into the stack for thread: 0x00000230af299050
R14=0x0000007a1b2fd088 is pointing into the stack for thread: 0x00000230af299050
R15=0x00000230af299050 is a thread

Top of Stack: (sp=0x0000007a1b2fd018)
0x0000007a1b2fd018:   00000230bec2919a 0000007a1b2fd020
0x0000007a1b2fd028:   00000230cc72de87 0000000000000004
0x0000007a1b2fd038:   00000230cc0b2128 000002310d3f47e0
0x0000007a1b2fd048:   000000008a631228 00000230cc0b6c70
0x0000007a1b2fd058:   0000007a1b2fd018 0000007a1b2fd090
0x0000007a1b2fd068:   0000007a1b2fd170 00000230b79910ee
0x0000007a1b2fd078:   000000008b0208b8 000000008b020960
0x0000007a1b2fd088:   000000008b020918 000000008b020948
0x0000007a1b2fd098:   0000007a1b2fd098 00000230cc85609e
0x0000007a1b2fd0a8:   000000008b020948 0000000000000000
0x0000007a1b2fd0b8:   0000007a1b2fd0b8 00000230ccbc44b8
0x0000007a1b2fd0c8:   0000000000000004 000000008b020918
0x0000007a1b2fd0d8:   000000008a630ae8 000000008a6b7af8
0x0000007a1b2fd0e8:   00000230cc4393c0 00000230b7990ee4
0x0000007a1b2fd0f8:   0000007a1b2fd118 0000007a1b2fd170
0x0000007a1b2fd108:   00000230bec2969f 00000230bec2969f
0x0000007a1b2fd118:   000000008a630ae8 000000008b020918
0x0000007a1b2fd128:   0000007a1b2fd128 00000230ccb40d40
0x0000007a1b2fd138:   0000000000000003 00000230cc3d0078
0x0000007a1b2fd148:   0000000000000000 000000008a41ba00
0x0000007a1b2fd158:   00000230cc1a0280 0000007a1b2fd118
0x0000007a1b2fd168:   0000007a1b2fd180 0000007a1b2fd1d8
0x0000007a1b2fd178:   00000230bec2969f 000000008b1edb50
0x0000007a1b2fd188:   000000008b020948 0000007a1b2fd190
0x0000007a1b2fd198:   00000230ccb40e5c 0000000000000005
0x0000007a1b2fd1a8:   00000230cc3d0078 0000000000000000
0x0000007a1b2fd1b8:   000000008a41ba00 00000230cc1a0228
0x0000007a1b2fd1c8:   0000007a1b2fd180 0000007a1b2fd1f8
0x0000007a1b2fd1d8:   0000007a1b2fd250 00000230bec2a3bf
0x0000007a1b2fd1e8:   0000000000000000 0000000000000000
0x0000007a1b2fd1f8:   000000008b1edb50 000000008b020948
0x0000007a1b2fd208:   0000007a1b2fd208 00000230ccbc4699 

Instructions: (pc=0x00000230bec5ae2c)
0x00000230bec5ad2c:   8b 59 14 8b 5b 28 8b 5b 24 48 8b 5b 10 48 85 db
0x00000230bec5ad3c:   0f 84 10 00 00 00 41 80 bf e0 05 00 00 00 74 03
0x00000230bec5ad4c:   ff 63 38 ff 63 50 e9 a9 16 00 00 66 0f 1f 84 00
0x00000230bec5ad5c:   00 00 00 00 48 8b 53 08 0f b7 52 2e 48 8b 0c d4
0x00000230bec5ad6c:   58 5b 50 44 8b 51 08 49 bb 00 00 00 cc 30 02 00
0x00000230bec5ad7c:   00 4d 03 d3 4c 8b 5b 10 4b 8b 9c da c8 01 00 00
0x00000230bec5ad8c:   48 85 db 0f 84 10 00 00 00 41 80 bf e0 05 00 00
0x00000230bec5ad9c:   00 74 03 ff 63 38 ff 63 50 e9 56 16 00 00 66 66
0x00000230bec5adac:   66 0f 1f 84 00 00 00 00 00 66 66 66 90 0f 1f 80
0x00000230bec5adbc:   00 00 00 00 58 5b 50 8b 5b 24 48 8b 5b 10 48 85
0x00000230bec5adcc:   db 0f 84 10 00 00 00 41 80 bf e0 05 00 00 00 74
0x00000230bec5addc:   03 ff 63 38 ff 63 50 e9 18 16 00 00 66 66 66 0f
0x00000230bec5adec:   1f 84 00 00 00 00 00 66 66 66 90 66 0f 1f 84 00
0x00000230bec5adfc:   00 00 00 00 48 8b 53 08 0f b7 52 2e 48 8b 0c d4
0x00000230bec5ae0c:   58 5b 50 48 3b 01 8b 5b 24 48 8b 5b 10 48 85 db
0x00000230bec5ae1c:   0f 84 10 00 00 00 41 80 bf e0 05 00 00 00 74 03
0x00000230bec5ae2c:   ff 63 38 ff 63 50 e9 c9 15 00 00 66 0f 1f 84 00
0x00000230bec5ae3c:   00 00 00 00 48 8b 53 08 0f b7 52 2e 48 8b 0c d4
0x00000230bec5ae4c:   58 5b 50 44 8b 51 08 49 bb 00 00 00 cc 30 02 00
0x00000230bec5ae5c:   00 4d 03 d3 8b 43 18 48 8b 40 10 48 8b 5b 10 45
0x00000230bec5ae6c:   8b 9a a0 00 00 00 4f 8d 9c da c8 01 00 00 4d 8d
0x00000230bec5ae7c:   14 da 49 8b 1b 48 3b c3 74 15 48 85 db 0f 84 32
0x00000230bec5ae8c:   00 00 00 49 83 c3 10 49 8b 1b 48 3b c3 75 eb 45
0x00000230bec5ae9c:   8b 5b 08 4b 8b 1c 1a 48 85 db 0f 84 10 00 00 00
0x00000230bec5aeac:   41 80 bf e0 05 00 00 00 74 03 ff 63 38 ff 63 50
0x00000230bec5aebc:   e9 3f 15 00 00 e9 3a 12 00 00 f4 00 00 00 00 00
0x00000230bec5aecc:   00 00 00 00 00 00 00 00 00 00 00 00 00 00 00 00
0x00000230bec5aedc:   00 00 00 00 00 00 00 00 00 00 00 00 00 00 00 00
0x00000230bec5aeec:   00 00 00 00 00 00 00 00 00 00 00 00 00 00 00 00
0x00000230bec5aefc:   00 00 00 00 00 00 00 00 00 00 00 00 00 00 00 00
0x00000230bec5af0c:   00 00 00 00 00 00 00 00 00 00 00 00 00 00 00 00
0x00000230bec5af1c:   00 00 00 00 00 00 00 00 00 00 00 00 00 00 00 00 


Stack slot to memory mapping:

stack at sp + 0 slots: 0x00000230bec2919a is at code_begin+3354 in an Interpreter codelet
return entry points  [0x00000230bec28480, 0x00000230bec2a550]  8400 bytes
stack at sp + 1 slots: 0x0000007a1b2fd020 is pointing into the stack for thread: 0x00000230af299050
stack at sp + 2 slots: 0x00000230cc72de87 is pointing into metadata
stack at sp + 3 slots: 0x0000000000000004 is an unknown value
stack at sp + 4 slots: 0x00000230cc0b2128 is pointing into metadata
stack at sp + 5 slots: 0x000002310d3f47e0 is pointing into metadata
stack at sp + 6 slots: 0x000000008a631228 is an oop: java.lang.Class 
{0x000000008a631228} - klass: 'java/lang/Class'
 - ---- fields (total size 14 words):
 - private volatile transient 'classRedefinedCount' 'I' @12  0 (0x00000000)
 - injected 'klass' 'J' @16  2408604966136 (0x00000230cc0b1cf8)
 - injected 'array_klass' 'J' @24  0 (0x0000000000000000)
 - injected 'oop_size' 'I' @32  14 (0x0000000e)
 - injected 'static_oop_field_count' 'I' @36  0 (0x00000000)
 - private volatile transient 'cachedConstructor' 'Ljava/lang/reflect/Constructor;' @40  null (0x00000000)
 - private transient 'name' 'Ljava/lang/String;' @44  null (0x00000000)
 - private transient 'module' 'Ljava/lang/Module;' @48  a 'java/lang/Module'{0x000000008a621890} (0x8a621890)
 - private final 'classLoader' 'Ljava/lang/ClassLoader;' @52  null (0x00000000)
 - private transient 'classData' 'Ljava/lang/Object;' @56  null (0x00000000)
 - private transient 'packageName' 'Ljava/lang/String;' @60  null (0x00000000)
 - private final 'componentType' 'Ljava/lang/Class;' @64  null (0x00000000)
 - private volatile transient 'reflectionData' 'Ljava/lang/ref/SoftReference;' @68  null (0x00000000)
 - private volatile transient 'genericInfo' 'Lsun/reflect/generics/repository/ClassRepository;' @72  null (0x00000000)
 - private volatile transient 'enumConstants' '[Ljava/lang/Object;' @76  null (0x00000000)
 - private volatile transient 'enumConstantDirectory' 'Ljava/util/Map;' @80  null (0x00000000)
 - private volatile transient 'annotationData' 'Ljava/lang/Class$AnnotationData;' @84  null (0x00000000)
 - private volatile transient 'annotationType' 'Lsun/reflect/annotation/AnnotationType;' @88  null (0x00000000)
 - transient 'classValueMap' 'Ljava/lang/ClassValue$ClassValueMap;' @92  null (0x00000000)
 - injected 'protection_domain' 'Ljava/lang/Object;' @96  null (0x00000000)
 - injected 'signers_name' 'Ljava/lang/Object;' @100  null (0x00000000)
 - injected 'source_file' 'Ljava/lang/Object;' @104  null (0x00000000)
 - signature: Ljava/lang/invoke/DirectMethodHandle$Holder;
 - ---- static fields (0):
stack at sp + 7 slots: {method} {0x00000230cc0b6c78} 'newInvokeSpecial' '(Ljava/lang/Object;)Ljava/lang/Object;' in 'java/lang/invoke/DirectMethodHandle$Holder'

MethodHandle::interpreter_entry::_linkToSpecial [0x00000230bec5ade8, 0x00000230bec5ae37] (79 bytes)
[MachCode]
  0x00000230bec5ade8: 6666 660f | 1f84 0000 | 0000 0066 | 6666 9066 | 0f1f 8400 | 0000 0000 | 488b 5308 | 0fb7 522e 
  0x00000230bec5ae08: 488b 0cd4 | 585b 5048 | 3b01 8b5b | 2448 8b5b | 1048 85db | 0f84 1000 | 0000 4180 | bfe0 0500 
  0x00000230bec5ae28: 0000 7403 | ff63 38ff | 6350 e9c9 | 
[/MachCode]

---------------  P R O C E S S  ---------------

Threads class SMR info:
_java_thread_list=0x0000023111c0a1d0, length=16, elements={
0x00000230af299050, 0x00000230cbb228d0, 0x00000230cbb23420, 0x00000230cbb24910,
0x00000230cbb25460, 0x00000230cbb260e0, 0x00000230cbb26c30, 0x00000230cbb30550,
0x00000230cbb52010, 0x00000231110efdd0, 0x00000231111b25f0, 0x00000231112f2400,
0x000002311123d160, 0x0000023111408070, 0x0000023111424b20, 0x00000231116656e0
}

Java Threads: ( => current thread )
=>0x00000230af299050 JavaThread "main"                              [_thread_in_Java, id=10224, stack(0x0000007a1b200000,0x0000007a1b300000) (1024K)]
  0x00000230cbb228d0 JavaThread "Reference Handler"          daemon [_thread_blocked, id=11396, stack(0x0000007a1ba00000,0x0000007a1bb00000) (1024K)]
  0x00000230cbb23420 JavaThread "Finalizer"                  daemon [_thread_blocked, id=9512, stack(0x0000007a1bb00000,0x0000007a1bc00000) (1024K)]
  0x00000230cbb24910 JavaThread "Signal Dispatcher"          daemon [_thread_blocked, id=18152, stack(0x0000007a1bc00000,0x0000007a1bd00000) (1024K)]
  0x00000230cbb25460 JavaThread "Attach Listener"            daemon [_thread_blocked, id=17988, stack(0x0000007a1bd00000,0x0000007a1be00000) (1024K)]
  0x00000230cbb260e0 JavaThread "Service Thread"             daemon [_thread_blocked, id=16376, stack(0x0000007a1be00000,0x0000007a1bf00000) (1024K)]
  0x00000230cbb26c30 JavaThread "Monitor Deflation Thread"   daemon [_thread_blocked, id=2940, stack(0x0000007a1bf00000,0x0000007a1c000000) (1024K)]
  0x00000230cbb30550 JavaThread "C2 CompilerThread0"         daemon [_thread_blocked, id=12836, stack(0x0000007a1c000000,0x0000007a1c100000) (1024K)]
  0x00000230cbb52010 JavaThread "C1 CompilerThread0"         daemon [_thread_blocked, id=13500, stack(0x0000007a1c100000,0x0000007a1c200000) (1024K)]
  0x00000231110efdd0 JavaThread "Common-Cleaner"             daemon [_thread_blocked, id=3448, stack(0x0000007a1c200000,0x0000007a1c300000) (1024K)]
  0x00000231111b25f0 JavaThread "JDWP Transport Listener: dt_socket" daemon [_thread_blocked, id=18276, stack(0x0000007a1c300000,0x0000007a1c400000) (1024K)]
  0x00000231112f2400 JavaThread "JDWP Event Helper Thread"   daemon [_thread_blocked, id=16540, stack(0x0000007a1c400000,0x0000007a1c500000) (1024K)]
  0x000002311123d160 JavaThread "JDWP Command Reader"        daemon [_thread_in_native, id=15124, stack(0x0000007a1c500000,0x0000007a1c600000) (1024K)]
  0x0000023111408070 JavaThread "C2 CompilerThread1"         daemon [_thread_blocked, id=14796, stack(0x0000007a1c600000,0x0000007a1c700000) (1024K)]
  0x0000023111424b20 JavaThread "Notification Thread"        daemon [_thread_blocked, id=4156, stack(0x0000007a1c700000,0x0000007a1c800000) (1024K)]
  0x00000231116656e0 JavaThread "ReaderThread"                      [_thread_in_native, id=17128, stack(0x0000007a1c800000,0x0000007a1c900000) (1024K)]
Total: 16

Other Threads:
  0x00000230cbaf63c0 VMThread "VM Thread"                           [id=13260, stack(0x0000007a1b900000,0x0000007a1ba00000) (1024K)]
  0x00000230cbadf2c0 WatcherThread "VM Periodic Task Thread"        [id=16348, stack(0x0000007a1b800000,0x0000007a1b900000) (1024K)]
  0x00000230af2edc00 WorkerThread "GC Thread#0"                     [id=8212, stack(0x0000007a1b300000,0x0000007a1b400000) (1024K)]
  0x00000230cbaf4a60 WorkerThread "GC Thread#1"                     [id=13784, stack(0x0000007a1c900000,0x0000007a1ca00000) (1024K)]
  0x00000230cbaf5540 WorkerThread "GC Thread#2"                     [id=8544, stack(0x0000007a1ca00000,0x0000007a1cb00000) (1024K)]
  0x00000230cbaf58e0 WorkerThread "GC Thread#3"                     [id=9092, stack(0x0000007a1cb00000,0x0000007a1cc00000) (1024K)]
  0x00000230cbaf6020 WorkerThread "GC Thread#4"                     [id=14284, stack(0x0000007a1cc00000,0x0000007a1cd00000) (1024K)]
  0x00000230cbaf5c80 WorkerThread "GC Thread#5"                     [id=4188, stack(0x0000007a1cd00000,0x0000007a1ce00000) (1024K)]
  0x0000023111bf4ff0 WorkerThread "GC Thread#6"                     [id=4236, stack(0x0000007a1ce00000,0x0000007a1cf00000) (1024K)]
  0x0000023111bf5ad0 WorkerThread "GC Thread#7"                     [id=1664, stack(0x0000007a1cf00000,0x0000007a1d000000) (1024K)]
  0x00000230af2fe2b0 ConcurrentGCThread "G1 Main Marker"            [id=4376, stack(0x0000007a1b400000,0x0000007a1b500000) (1024K)]
  0x00000230af2fef60 WorkerThread "G1 Conc#0"                       [id=2440, stack(0x0000007a1b500000,0x0000007a1b600000) (1024K)]
  0x00000230cb9b4500 ConcurrentGCThread "G1 Refine#0"               [id=15200, stack(0x0000007a1b600000,0x0000007a1b700000) (1024K)]
  0x00000230af34e1f0 ConcurrentGCThread "G1 Service"                [id=13200, stack(0x0000007a1b700000,0x0000007a1b800000) (1024K)]
Total: 14

Threads with active compile tasks:
Total: 0

VM state: not at safepoint (normal execution)

VM Mutex/Monitor currently owned by a thread: None

Heap address: 0x0000000084200000, size: 1982 MB, Compressed Oops mode: 32-bit

CDS archive(s) mapped at: [0x00000230cc000000-0x00000230ccc90000-0x00000230ccc90000), size 13172736, SharedBaseAddress: 0x00000230cc000000, ArchiveRelocationMode: 1.
Compressed class space mapped at: 0x00000230cd000000-0x000002310d000000, reserved size: 1073741824
Narrow klass base: 0x00000230cc000000, Narrow klass shift: 0, Narrow klass range: 0x100000000

GC Precious Log:
 CardTable entry size: 512
 Card Set container configuration: InlinePtr #cards 5 size 8 Array Of Cards #cards 12 size 40 Howl #buckets 4 coarsen threshold 1843 Howl Bitmap #cards 512 size 80 coarsen threshold 460 Card regions per heap region 1 cards per card region 2048
 CPUs: 8 total, 8 available
 Memory: 7926M
 Large Page Support: Disabled
 NUMA Support: Disabled
 Compressed Oops: Enabled (32-bit)
 Heap Region Size: 1M
 Heap Min Capacity: 8M
 Heap Initial Capacity: 124M
 Heap Max Capacity: 1982M
 Pre-touch: Disabled
 Parallel Workers: 8
 Concurrent Workers: 2
 Concurrent Refinement Workers: 8
 Periodic GC: Disabled

Heap:
 garbage-first heap   total 126976K, used 15744K [0x0000000084200000, 0x0000000100000000)
  region size 1024K, 17 young (17408K), 3 survivors (3072K)
 Metaspace       used 7356K, committed 7552K, reserved 1114112K
  class space    used 845K, committed 960K, reserved 1048576K

Heap Regions: E=young(eden), S=young(survivor), O=old, HS=humongous(starts), HC=humongous(continues), CS=collection set, F=free, TAMS=top-at-mark-start, PB=parsable bottom
|   0|0x0000000084200000, 0x0000000084200000, 0x0000000084300000|  0%| F|  |TAMS 0x0000000084200000| PB 0x0000000084200000| Untracked 
|   1|0x0000000084300000, 0x0000000084300000, 0x0000000084400000|  0%| F|  |TAMS 0x0000000084300000| PB 0x0000000084300000| Untracked 
|   2|0x0000000084400000, 0x0000000084400000, 0x0000000084500000|  0%| F|  |TAMS 0x0000000084400000| PB 0x0000000084400000| Untracked 
|   3|0x0000000084500000, 0x0000000084500000, 0x0000000084600000|  0%| F|  |TAMS 0x0000000084500000| PB 0x0000000084500000| Untracked 
|   4|0x0000000084600000, 0x0000000084600000, 0x0000000084700000|  0%| F|  |TAMS 0x0000000084600000| PB 0x0000000084600000| Untracked 
|   5|0x0000000084700000, 0x0000000084700000, 0x0000000084800000|  0%| F|  |TAMS 0x0000000084700000| PB 0x0000000084700000| Untracked 
|   6|0x0000000084800000, 0x0000000084800000, 0x0000000084900000|  0%| F|  |TAMS 0x0000000084800000| PB 0x0000000084800000| Untracked 
|   7|0x0000000084900000, 0x0000000084900000, 0x0000000084a00000|  0%| F|  |TAMS 0x0000000084900000| PB 0x0000000084900000| Untracked 
|   8|0x0000000084a00000, 0x0000000084a00000, 0x0000000084b00000|  0%| F|  |TAMS 0x0000000084a00000| PB 0x0000000084a00000| Untracked 
|   9|0x0000000084b00000, 0x0000000084b00000, 0x0000000084c00000|  0%| F|  |TAMS 0x0000000084b00000| PB 0x0000000084b00000| Untracked 
|  10|0x0000000084c00000, 0x0000000084c00000, 0x0000000084d00000|  0%| F|  |TAMS 0x0000000084c00000| PB 0x0000000084c00000| Untracked 
|  11|0x0000000084d00000, 0x0000000084d00000, 0x0000000084e00000|  0%| F|  |TAMS 0x0000000084d00000| PB 0x0000000084d00000| Untracked 
|  12|0x0000000084e00000, 0x0000000084e00000, 0x0000000084f00000|  0%| F|  |TAMS 0x0000000084e00000| PB 0x0000000084e00000| Untracked 
|  13|0x0000000084f00000, 0x0000000084f00000, 0x0000000085000000|  0%| F|  |TAMS 0x0000000084f00000| PB 0x0000000084f00000| Untracked 
|  14|0x0000000085000000, 0x0000000085000000, 0x0000000085100000|  0%| F|  |TAMS 0x0000000085000000| PB 0x0000000085000000| Untracked 
|  15|0x0000000085100000, 0x0000000085100000, 0x0000000085200000|  0%| F|  |TAMS 0x0000000085100000| PB 0x0000000085100000| Untracked 
|  16|0x0000000085200000, 0x0000000085200000, 0x0000000085300000|  0%| F|  |TAMS 0x0000000085200000| PB 0x0000000085200000| Untracked 
|  17|0x0000000085300000, 0x0000000085300000, 0x0000000085400000|  0%| F|  |TAMS 0x0000000085300000| PB 0x0000000085300000| Untracked 
|  18|0x0000000085400000, 0x0000000085400000, 0x0000000085500000|  0%| F|  |TAMS 0x0000000085400000| PB 0x0000000085400000| Untracked 
|  19|0x0000000085500000, 0x0000000085500000, 0x0000000085600000|  0%| F|  |TAMS 0x0000000085500000| PB 0x0000000085500000| Untracked 
|  20|0x0000000085600000, 0x0000000085600000, 0x0000000085700000|  0%| F|  |TAMS 0x0000000085600000| PB 0x0000000085600000| Untracked 
|  21|0x0000000085700000, 0x0000000085700000, 0x0000000085800000|  0%| F|  |TAMS 0x0000000085700000| PB 0x0000000085700000| Untracked 
|  22|0x0000000085800000, 0x0000000085800000, 0x0000000085900000|  0%| F|  |TAMS 0x0000000085800000| PB 0x0000000085800000| Untracked 
|  23|0x0000000085900000, 0x0000000085900000, 0x0000000085a00000|  0%| F|  |TAMS 0x0000000085900000| PB 0x0000000085900000| Untracked 
|  24|0x0000000085a00000, 0x0000000085a00000, 0x0000000085b00000|  0%| F|  |TAMS 0x0000000085a00000| PB 0x0000000085a00000| Untracked 
|  25|0x0000000085b00000, 0x0000000085b00000, 0x0000000085c00000|  0%| F|  |TAMS 0x0000000085b00000| PB 0x0000000085b00000| Untracked 
|  26|0x0000000085c00000, 0x0000000085c00000, 0x0000000085d00000|  0%| F|  |TAMS 0x0000000085c00000| PB 0x0000000085c00000| Untracked 
|  27|0x0000000085d00000, 0x0000000085d00000, 0x0000000085e00000|  0%| F|  |TAMS 0x0000000085d00000| PB 0x0000000085d00000| Untracked 
|  28|0x0000000085e00000, 0x0000000085e00000, 0x0000000085f00000|  0%| F|  |TAMS 0x0000000085e00000| PB 0x0000000085e00000| Untracked 
|  29|0x0000000085f00000, 0x0000000085f00000, 0x0000000086000000|  0%| F|  |TAMS 0x0000000085f00000| PB 0x0000000085f00000| Untracked 
|  30|0x0000000086000000, 0x0000000086000000, 0x0000000086100000|  0%| F|  |TAMS 0x0000000086000000| PB 0x0000000086000000| Untracked 
|  31|0x0000000086100000, 0x0000000086100000, 0x0000000086200000|  0%| F|  |TAMS 0x0000000086100000| PB 0x0000000086100000| Untracked 
|  32|0x0000000086200000, 0x0000000086200000, 0x0000000086300000|  0%| F|  |TAMS 0x0000000086200000| PB 0x0000000086200000| Untracked 
|  33|0x0000000086300000, 0x0000000086300000, 0x0000000086400000|  0%| F|  |TAMS 0x0000000086300000| PB 0x0000000086300000| Untracked 
|  34|0x0000000086400000, 0x0000000086400000, 0x0000000086500000|  0%| F|  |TAMS 0x0000000086400000| PB 0x0000000086400000| Untracked 
|  35|0x0000000086500000, 0x0000000086500000, 0x0000000086600000|  0%| F|  |TAMS 0x0000000086500000| PB 0x0000000086500000| Untracked 
|  36|0x0000000086600000, 0x0000000086600000, 0x0000000086700000|  0%| F|  |TAMS 0x0000000086600000| PB 0x0000000086600000| Untracked 
|  37|0x0000000086700000, 0x0000000086700000, 0x0000000086800000|  0%| F|  |TAMS 0x0000000086700000| PB 0x0000000086700000| Untracked 
|  38|0x0000000086800000, 0x0000000086800000, 0x0000000086900000|  0%| F|  |TAMS 0x0000000086800000| PB 0x0000000086800000| Untracked 
|  39|0x0000000086900000, 0x0000000086900000, 0x0000000086a00000|  0%| F|  |TAMS 0x0000000086900000| PB 0x0000000086900000| Untracked 
|  40|0x0000000086a00000, 0x0000000086a00000, 0x0000000086b00000|  0%| F|  |TAMS 0x0000000086a00000| PB 0x0000000086a00000| Untracked 
|  41|0x0000000086b00000, 0x0000000086b00000, 0x0000000086c00000|  0%| F|  |TAMS 0x0000000086b00000| PB 0x0000000086b00000| Untracked 
|  42|0x0000000086c00000, 0x0000000086c00000, 0x0000000086d00000|  0%| F|  |TAMS 0x0000000086c00000| PB 0x0000000086c00000| Untracked 
|  43|0x0000000086d00000, 0x0000000086d00000, 0x0000000086e00000|  0%| F|  |TAMS 0x0000000086d00000| PB 0x0000000086d00000| Untracked 
|  44|0x0000000086e00000, 0x0000000086e00000, 0x0000000086f00000|  0%| F|  |TAMS 0x0000000086e00000| PB 0x0000000086e00000| Untracked 
|  45|0x0000000086f00000, 0x0000000086f00000, 0x0000000087000000|  0%| F|  |TAMS 0x0000000086f00000| PB 0x0000000086f00000| Untracked 
|  46|0x0000000087000000, 0x0000000087000000, 0x0000000087100000|  0%| F|  |TAMS 0x0000000087000000| PB 0x0000000087000000| Untracked 
|  47|0x0000000087100000, 0x0000000087100000, 0x0000000087200000|  0%| F|  |TAMS 0x0000000087100000| PB 0x0000000087100000| Untracked 
|  48|0x0000000087200000, 0x0000000087200000, 0x0000000087300000|  0%| F|  |TAMS 0x0000000087200000| PB 0x0000000087200000| Untracked 
|  49|0x0000000087300000, 0x0000000087300000, 0x0000000087400000|  0%| F|  |TAMS 0x0000000087300000| PB 0x0000000087300000| Untracked 
|  50|0x0000000087400000, 0x0000000087400000, 0x0000000087500000|  0%| F|  |TAMS 0x0000000087400000| PB 0x0000000087400000| Untracked 
|  51|0x0000000087500000, 0x0000000087500000, 0x0000000087600000|  0%| F|  |TAMS 0x0000000087500000| PB 0x0000000087500000| Untracked 
|  52|0x0000000087600000, 0x0000000087600000, 0x0000000087700000|  0%| F|  |TAMS 0x0000000087600000| PB 0x0000000087600000| Untracked 
|  53|0x0000000087700000, 0x0000000087700000, 0x0000000087800000|  0%| F|  |TAMS 0x0000000087700000| PB 0x0000000087700000| Untracked 
|  54|0x0000000087800000, 0x0000000087800000, 0x0000000087900000|  0%| F|  |TAMS 0x0000000087800000| PB 0x0000000087800000| Untracked 
|  55|0x0000000087900000, 0x0000000087900000, 0x0000000087a00000|  0%| F|  |TAMS 0x0000000087900000| PB 0x0000000087900000| Untracked 
|  56|0x0000000087a00000, 0x0000000087a00000, 0x0000000087b00000|  0%| F|  |TAMS 0x0000000087a00000| PB 0x0000000087a00000| Untracked 
|  57|0x0000000087b00000, 0x0000000087b00000, 0x0000000087c00000|  0%| F|  |TAMS 0x0000000087b00000| PB 0x0000000087b00000| Untracked 
|  58|0x0000000087c00000, 0x0000000087c00000, 0x0000000087d00000|  0%| F|  |TAMS 0x0000000087c00000| PB 0x0000000087c00000| Untracked 
|  59|0x0000000087d00000, 0x0000000087d00000, 0x0000000087e00000|  0%| F|  |TAMS 0x0000000087d00000| PB 0x0000000087d00000| Untracked 
|  60|0x0000000087e00000, 0x0000000087e00000, 0x0000000087f00000|  0%| F|  |TAMS 0x0000000087e00000| PB 0x0000000087e00000| Untracked 
|  61|0x0000000087f00000, 0x0000000087f00000, 0x0000000088000000|  0%| F|  |TAMS 0x0000000087f00000| PB 0x0000000087f00000| Untracked 
|  62|0x0000000088000000, 0x0000000088000000, 0x0000000088100000|  0%| F|  |TAMS 0x0000000088000000| PB 0x0000000088000000| Untracked 
|  63|0x0000000088100000, 0x0000000088100000, 0x0000000088200000|  0%| F|  |TAMS 0x0000000088100000| PB 0x0000000088100000| Untracked 
|  64|0x0000000088200000, 0x0000000088200000, 0x0000000088300000|  0%| F|  |TAMS 0x0000000088200000| PB 0x0000000088200000| Untracked 
|  65|0x0000000088300000, 0x0000000088300000, 0x0000000088400000|  0%| F|  |TAMS 0x0000000088300000| PB 0x0000000088300000| Untracked 
|  66|0x0000000088400000, 0x0000000088400000, 0x0000000088500000|  0%| F|  |TAMS 0x0000000088400000| PB 0x0000000088400000| Untracked 
|  67|0x0000000088500000, 0x0000000088500000, 0x0000000088600000|  0%| F|  |TAMS 0x0000000088500000| PB 0x0000000088500000| Untracked 
|  68|0x0000000088600000, 0x0000000088600000, 0x0000000088700000|  0%| F|  |TAMS 0x0000000088600000| PB 0x0000000088600000| Untracked 
|  69|0x0000000088700000, 0x0000000088700000, 0x0000000088800000|  0%| F|  |TAMS 0x0000000088700000| PB 0x0000000088700000| Untracked 
|  70|0x0000000088800000, 0x0000000088800000, 0x0000000088900000|  0%| F|  |TAMS 0x0000000088800000| PB 0x0000000088800000| Untracked 
|  71|0x0000000088900000, 0x0000000088900000, 0x0000000088a00000|  0%| F|  |TAMS 0x0000000088900000| PB 0x0000000088900000| Untracked 
|  72|0x0000000088a00000, 0x0000000088a00000, 0x0000000088b00000|  0%| F|  |TAMS 0x0000000088a00000| PB 0x0000000088a00000| Untracked 
|  73|0x0000000088b00000, 0x0000000088b00000, 0x0000000088c00000|  0%| F|  |TAMS 0x0000000088b00000| PB 0x0000000088b00000| Untracked 
|  74|0x0000000088c00000, 0x0000000088c00000, 0x0000000088d00000|  0%| F|  |TAMS 0x0000000088c00000| PB 0x0000000088c00000| Untracked 
|  75|0x0000000088d00000, 0x0000000088d00000, 0x0000000088e00000|  0%| F|  |TAMS 0x0000000088d00000| PB 0x0000000088d00000| Untracked 
|  76|0x0000000088e00000, 0x0000000088e00000, 0x0000000088f00000|  0%| F|  |TAMS 0x0000000088e00000| PB 0x0000000088e00000| Untracked 
|  77|0x0000000088f00000, 0x0000000088f00000, 0x0000000089000000|  0%| F|  |TAMS 0x0000000088f00000| PB 0x0000000088f00000| Untracked 
|  78|0x0000000089000000, 0x0000000089000000, 0x0000000089100000|  0%| F|  |TAMS 0x0000000089000000| PB 0x0000000089000000| Untracked 
|  79|0x0000000089100000, 0x0000000089100000, 0x0000000089200000|  0%| F|  |TAMS 0x0000000089100000| PB 0x0000000089100000| Untracked 
|  80|0x0000000089200000, 0x0000000089200000, 0x0000000089300000|  0%| F|  |TAMS 0x0000000089200000| PB 0x0000000089200000| Untracked 
|  81|0x0000000089300000, 0x0000000089300000, 0x0000000089400000|  0%| F|  |TAMS 0x0000000089300000| PB 0x0000000089300000| Untracked 
|  82|0x0000000089400000, 0x0000000089400000, 0x0000000089500000|  0%| F|  |TAMS 0x0000000089400000| PB 0x0000000089400000| Untracked 
|  83|0x0000000089500000, 0x0000000089500000, 0x0000000089600000|  0%| F|  |TAMS 0x0000000089500000| PB 0x0000000089500000| Untracked 
|  84|0x0000000089600000, 0x0000000089600000, 0x0000000089700000|  0%| F|  |TAMS 0x0000000089600000| PB 0x0000000089600000| Untracked 
|  85|0x0000000089700000, 0x0000000089700000, 0x0000000089800000|  0%| F|  |TAMS 0x0000000089700000| PB 0x0000000089700000| Untracked 
|  86|0x0000000089800000, 0x0000000089800000, 0x0000000089900000|  0%| F|  |TAMS 0x0000000089800000| PB 0x0000000089800000| Untracked 
|  87|0x0000000089900000, 0x0000000089900000, 0x0000000089a00000|  0%| F|  |TAMS 0x0000000089900000| PB 0x0000000089900000| Untracked 
|  88|0x0000000089a00000, 0x0000000089a00000, 0x0000000089b00000|  0%| F|  |TAMS 0x0000000089a00000| PB 0x0000000089a00000| Untracked 
|  89|0x0000000089b00000, 0x0000000089b00000, 0x0000000089c00000|  0%| F|  |TAMS 0x0000000089b00000| PB 0x0000000089b00000| Untracked 
|  90|0x0000000089c00000, 0x0000000089c00000, 0x0000000089d00000|  0%| F|  |TAMS 0x0000000089c00000| PB 0x0000000089c00000| Untracked 
|  91|0x0000000089d00000, 0x0000000089d00000, 0x0000000089e00000|  0%| F|  |TAMS 0x0000000089d00000| PB 0x0000000089d00000| Untracked 
|  92|0x0000000089e00000, 0x0000000089e00000, 0x0000000089f00000|  0%| F|  |TAMS 0x0000000089e00000| PB 0x0000000089e00000| Untracked 
|  93|0x0000000089f00000, 0x0000000089f00000, 0x000000008a000000|  0%| F|  |TAMS 0x0000000089f00000| PB 0x0000000089f00000| Untracked 
|  94|0x000000008a000000, 0x000000008a000000, 0x000000008a100000|  0%| F|  |TAMS 0x000000008a000000| PB 0x000000008a000000| Untracked 
|  95|0x000000008a100000, 0x000000008a100000, 0x000000008a200000|  0%| F|  |TAMS 0x000000008a100000| PB 0x000000008a100000| Untracked 
|  96|0x000000008a200000, 0x000000008a200000, 0x000000008a300000|  0%| F|  |TAMS 0x000000008a200000| PB 0x000000008a200000| Untracked 
|  97|0x000000008a300000, 0x000000008a300000, 0x000000008a400000|  0%| F|  |TAMS 0x000000008a300000| PB 0x000000008a300000| Untracked 
|  98|0x000000008a400000, 0x000000008a460000, 0x000000008a500000| 37%| S|CS|TAMS 0x000000008a400000| PB 0x000000008a400000| Complete 
|  99|0x000000008a500000, 0x000000008a600000, 0x000000008a600000|100%| S|CS|TAMS 0x000000008a500000| PB 0x000000008a500000| Complete 
| 100|0x000000008a600000, 0x000000008a700000, 0x000000008a700000|100%| S|CS|TAMS 0x000000008a600000| PB 0x000000008a600000| Complete 
| 101|0x000000008a700000, 0x000000008a700000, 0x000000008a800000|  0%| F|  |TAMS 0x000000008a700000| PB 0x000000008a700000| Untracked 
| 102|0x000000008a800000, 0x000000008a800000, 0x000000008a900000|  0%| F|  |TAMS 0x000000008a800000| PB 0x000000008a800000| Untracked 
| 103|0x000000008a900000, 0x000000008a900000, 0x000000008aa00000|  0%| F|  |TAMS 0x000000008a900000| PB 0x000000008a900000| Untracked 
| 104|0x000000008aa00000, 0x000000008aa00000, 0x000000008ab00000|  0%| F|  |TAMS 0x000000008aa00000| PB 0x000000008aa00000| Untracked 
| 105|0x000000008ab00000, 0x000000008ab00000, 0x000000008ac00000|  0%| F|  |TAMS 0x000000008ab00000| PB 0x000000008ab00000| Untracked 
| 106|0x000000008ac00000, 0x000000008ac00000, 0x000000008ad00000|  0%| F|  |TAMS 0x000000008ac00000| PB 0x000000008ac00000| Untracked 
| 107|0x000000008ad00000, 0x000000008ad00000, 0x000000008ae00000|  0%| F|  |TAMS 0x000000008ad00000| PB 0x000000008ad00000| Untracked 
| 108|0x000000008ae00000, 0x000000008ae00000, 0x000000008af00000|  0%| F|  |TAMS 0x000000008ae00000| PB 0x000000008ae00000| Untracked 
| 109|0x000000008af00000, 0x000000008af00000, 0x000000008b000000|  0%| F|  |TAMS 0x000000008af00000| PB 0x000000008af00000| Untracked 
| 110|0x000000008b000000, 0x000000008b095c60, 0x000000008b100000| 58%| E|  |TAMS 0x000000008b000000| PB 0x000000008b000000| Complete 
| 111|0x000000008b100000, 0x000000008b200000, 0x000000008b200000|100%| E|CS|TAMS 0x000000008b100000| PB 0x000000008b100000| Complete 
| 112|0x000000008b200000, 0x000000008b300000, 0x000000008b300000|100%| E|CS|TAMS 0x000000008b200000| PB 0x000000008b200000| Complete 
| 113|0x000000008b300000, 0x000000008b400000, 0x000000008b400000|100%| E|CS|TAMS 0x000000008b300000| PB 0x000000008b300000| Complete 
| 114|0x000000008b400000, 0x000000008b500000, 0x000000008b500000|100%| E|CS|TAMS 0x000000008b400000| PB 0x000000008b400000| Complete 
| 115|0x000000008b500000, 0x000000008b600000, 0x000000008b600000|100%| E|CS|TAMS 0x000000008b500000| PB 0x000000008b500000| Complete 
| 116|0x000000008b600000, 0x000000008b700000, 0x000000008b700000|100%| E|CS|TAMS 0x000000008b600000| PB 0x000000008b600000| Complete 
| 117|0x000000008b700000, 0x000000008b800000, 0x000000008b800000|100%| E|CS|TAMS 0x000000008b700000| PB 0x000000008b700000| Complete 
| 118|0x000000008b800000, 0x000000008b900000, 0x000000008b900000|100%| E|CS|TAMS 0x000000008b800000| PB 0x000000008b800000| Complete 
| 119|0x000000008b900000, 0x000000008ba00000, 0x000000008ba00000|100%| E|CS|TAMS 0x000000008b900000| PB 0x000000008b900000| Complete 
| 120|0x000000008ba00000, 0x000000008bb00000, 0x000000008bb00000|100%| E|CS|TAMS 0x000000008ba00000| PB 0x000000008ba00000| Complete 
| 121|0x000000008bb00000, 0x000000008bc00000, 0x000000008bc00000|100%| E|CS|TAMS 0x000000008bb00000| PB 0x000000008bb00000| Complete 
| 122|0x000000008bc00000, 0x000000008bd00000, 0x000000008bd00000|100%| E|CS|TAMS 0x000000008bc00000| PB 0x000000008bc00000| Complete 
| 123|0x000000008bd00000, 0x000000008be00000, 0x000000008be00000|100%| E|CS|TAMS 0x000000008bd00000| PB 0x000000008bd00000| Complete 

Card table byte_map: [0x00000230c6e00000,0x00000230c71e0000] _byte_map_base: 0x00000230c69df000

Marking Bits: (CMBitMap*) 0x00000230af2ee210
 Bits: [0x00000230c71e0000, 0x00000230c90d8000)

Polling page: 0x00000230ad250000

Metaspace:

Usage:
  Non-class:      6.36 MB used.
      Class:    845.67 KB used.
       Both:      7.18 MB used.

Virtual space:
  Non-class space:       64.00 MB reserved,       6.44 MB ( 10%) committed,  1 nodes.
      Class space:        1.00 GB reserved,     960.00 KB ( <1%) committed,  1 nodes.
             Both:        1.06 GB reserved,       7.38 MB ( <1%) committed. 

Chunk freelists:
   Non-Class:  8.63 MB
       Class:  14.90 MB
        Both:  23.53 MB

MaxMetaspaceSize: unlimited
CompressedClassSpaceSize: 1.00 GB
Initial GC threshold: 21.00 MB
Current GC threshold: 21.00 MB
CDS: on
 - commit_granule_bytes: 65536.
 - commit_granule_words: 8192.
 - virtual_space_node_default_size: 8388608.
 - enlarge_chunks_in_place: 1.
 - use_allocation_guard: 0.


Internal statistics:

num_allocs_failed_limit: 0.
num_arena_births: 102.
num_arena_deaths: 0.
num_vsnodes_births: 2.
num_vsnodes_deaths: 0.
num_space_committed: 118.
num_space_uncommitted: 0.
num_chunks_returned_to_freelist: 0.
num_chunks_taken_from_freelist: 279.
num_chunk_merges: 0.
num_chunk_splits: 155.
num_chunks_enlarged: 109.
num_inconsistent_stats: 0.

CodeHeap 'non-profiled nmethods': size=120000Kb used=476Kb max_used=476Kb free=119523Kb
 bounds [0x00000230bf1c0000, 0x00000230bf430000, 0x00000230c66f0000]
CodeHeap 'profiled nmethods': size=120000Kb used=2838Kb max_used=2838Kb free=117161Kb
 bounds [0x00000230b76f0000, 0x00000230b79c0000, 0x00000230bec20000]
CodeHeap 'non-nmethods': size=5760Kb used=1575Kb max_used=1609Kb free=4184Kb
 bounds [0x00000230bec20000, 0x00000230bee90000, 0x00000230bf1c0000]
 total_blobs=1865 nmethods=1390 adapters=380
 compilation: enabled
              stopped_count=0, restarted_count=0
 full_count=0

Compilation events (20 events):
Event: 0.750 Thread 0x00000230cbb52010 1378       3       sun.invoke.util.BytecodeDescriptor::unparseMethod (66 bytes)
Event: 0.750 Thread 0x00000230cbb52010 nmethod 1378 0x00000230b79a8c90 code [0x00000230b79a8ec0, 0x00000230b79a94b8]
Event: 0.750 Thread 0x00000230cbb52010 1379       3       java.lang.invoke.MethodHandles$Lookup::getDirectConstructorCommon (69 bytes)
Event: 0.750 Thread 0x00000230cbb52010 nmethod 1379 0x00000230b79a9810 code [0x00000230b79a9a20, 0x00000230b79a9f58]
Event: 0.751 Thread 0x00000230cbb52010 1380       3       java.lang.invoke.MethodHandleImpl::makePairwiseConvertByEditor (617 bytes)
Event: 0.753 Thread 0x00000230cbb52010 nmethod 1380 0x00000230b79aa190 code [0x00000230b79aa9e0, 0x00000230b79afd10]
Event: 0.753 Thread 0x00000230cbb52010 1381       3       java.lang.invoke.MethodHandleImpl::computeValueConversions (121 bytes)
Event: 0.753 Thread 0x00000230cbb52010 nmethod 1381 0x00000230b79b2110 code [0x00000230b79b2320, 0x00000230b79b2b50]
Event: 0.753 Thread 0x00000230cbb52010 1382       3       java.lang.invoke.MethodHandleImpl::countNonNull (42 bytes)
Event: 0.754 Thread 0x00000230cbb52010 nmethod 1382 0x00000230b79b2f10 code [0x00000230b79b30c0, 0x00000230b79b3310]
Event: 0.754 Thread 0x00000230cbb52010 1383       3       java.lang.invoke.MethodHandleImpl::makePairwiseConvert (22 bytes)
Event: 0.754 Thread 0x00000230cbb52010 nmethod 1383 0x00000230b79b3410 code [0x00000230b79b35c0, 0x00000230b79b3808]
Event: 0.754 Thread 0x00000230cbb52010 1387       3       java.lang.invoke.LambdaForm$NamedFunction::returnType (11 bytes)
Event: 0.754 Thread 0x00000230cbb52010 nmethod 1387 0x00000230b79b3910 code [0x00000230b79b3b20, 0x00000230b79b40a8]
Event: 0.756 Thread 0x00000230cbb52010 1388       3       java.util.stream.StreamSupport::stream (19 bytes)
Event: 0.756 Thread 0x00000230cbb52010 nmethod 1388 0x00000230b79b4310 code [0x00000230b79b4500, 0x00000230b79b4950]
Event: 0.756 Thread 0x00000230cbb52010 1389       3       java.util.stream.StreamOpFlag::fromCharacteristics (37 bytes)
Event: 0.756 Thread 0x00000230cbb52010 nmethod 1389 0x00000230b79b4b10 code [0x00000230b79b4ce0, 0x00000230b79b5018]
Event: 0.756 Thread 0x00000230cbb52010 1390       3       java.lang.invoke.DirectMethodHandle$Holder::invokeStatic (15 bytes)
Event: 0.756 Thread 0x00000230cbb52010 nmethod 1390 0x00000230b79b5110 code [0x00000230b79b52e0, 0x00000230b79b5820]

GC Heap History (2 events):
Event: 0.588 GC heap before
{Heap before GC invocations=0 (full 0):
 garbage-first heap   total 126976K, used 23552K [0x0000000084200000, 0x0000000100000000)
  region size 1024K, 23 young (23552K), 0 survivors (0K)
 Metaspace       used 5444K, committed 5632K, reserved 1114112K
  class space    used 571K, committed 640K, reserved 1048576K
}
Event: 0.592 GC heap after
{Heap after GC invocations=1 (full 0):
 garbage-first heap   total 126976K, used 2432K [0x0000000084200000, 0x0000000100000000)
  region size 1024K, 3 young (3072K), 3 survivors (3072K)
 Metaspace       used 5444K, committed 5632K, reserved 1114112K
  class space    used 571K, committed 640K, reserved 1048576K
}

Dll operation events (10 events):
Event: 0.011 Loaded shared library C:\Program Files\Java\jdk-21\bin\java.dll
Event: 0.042 Loaded shared library C:\Program Files\Java\jdk-21\bin\jsvml.dll
Event: 0.196 Loaded shared library C:\Program Files\Java\jdk-21\bin\zip.dll
Event: 0.200 Loaded shared library C:\Program Files\Java\jdk-21\bin\instrument.dll
Event: 0.203 Loaded shared library C:\Program Files\Java\jdk-21\bin\net.dll
Event: 0.204 Loaded shared library C:\Program Files\Java\jdk-21\bin\nio.dll
Event: 0.207 Loaded shared library C:\Program Files\Java\jdk-21\bin\zip.dll
Event: 0.284 Loaded shared library C:\Program Files\Java\jdk-21\bin\jimage.dll
Event: 0.322 Loaded shared library C:\Program Files\Java\jdk-21\bin\verify.dll
Event: 0.407 Loaded shared library C:\Program Files\Java\jdk-21\bin\extnet.dll

Deoptimization events (20 events):
Event: 0.482 Thread 0x00000230af299050 DEOPT PACKING pc=0x00000230b782ea03 sp=0x0000007a1b2fd0f0
Event: 0.482 Thread 0x00000230af299050 DEOPT UNPACKING pc=0x00000230bec788e2 sp=0x0000007a1b2fc550 mode 0
Event: 0.485 Thread 0x00000230af299050 DEOPT PACKING pc=0x00000230b77a69c9 sp=0x0000007a1b2fa5d0
Event: 0.485 Thread 0x00000230af299050 DEOPT UNPACKING pc=0x00000230bec788e2 sp=0x0000007a1b2f9a48 mode 0
Event: 0.487 Thread 0x00000230af299050 DEOPT PACKING pc=0x00000230b782ea03 sp=0x0000007a1b2fd100
Event: 0.487 Thread 0x00000230af299050 DEOPT UNPACKING pc=0x00000230bec788e2 sp=0x0000007a1b2fc560 mode 0
Event: 0.492 Thread 0x00000230af299050 DEOPT PACKING pc=0x00000230b782ea03 sp=0x0000007a1b2fdee0
Event: 0.492 Thread 0x00000230af299050 DEOPT UNPACKING pc=0x00000230bec788e2 sp=0x0000007a1b2fd340 mode 0
Event: 0.549 Thread 0x00000230af299050 Uncommon trap: trap_request=0xffffff45 fr.pc=0x00000230bf2018b0 relative=0x0000000000000110
Event: 0.549 Thread 0x00000230af299050 Uncommon trap: reason=unstable_if action=reinterpret pc=0x00000230bf2018b0 method=org.eclipse.jdt.launching.internal.org.objectweb.asm.ByteVector.putShort(I)Lorg/eclipse/jdt/launching/internal/org/objectweb/asm/ByteVector; @ 13 c2
Event: 0.549 Thread 0x00000230af299050 DEOPT PACKING pc=0x00000230bf2018b0 sp=0x0000007a1b2fa2d0
Event: 0.549 Thread 0x00000230af299050 DEOPT UNPACKING pc=0x00000230bec77da2 sp=0x0000007a1b2fa258 mode 2
Event: 0.634 Thread 0x00000230af299050 DEOPT PACKING pc=0x00000230b77b6e23 sp=0x0000007a1b2fa120
Event: 0.634 Thread 0x00000230af299050 DEOPT UNPACKING pc=0x00000230bec788e2 sp=0x0000007a1b2f9638 mode 0
Event: 0.693 Thread 0x00000230af299050 DEOPT PACKING pc=0x00000230b786a889 sp=0x0000007a1b2fc350
Event: 0.693 Thread 0x00000230af299050 DEOPT UNPACKING pc=0x00000230bec788e2 sp=0x0000007a1b2fb868 mode 0
Event: 0.697 Thread 0x00000230af299050 DEOPT PACKING pc=0x00000230b77a983f sp=0x0000007a1b2fd3d0
Event: 0.697 Thread 0x00000230af299050 DEOPT UNPACKING pc=0x00000230bec788e2 sp=0x0000007a1b2fc8d8 mode 0
Event: 9.540 Thread 0x00000230af299050 DEOPT PACKING pc=0x00000230b7991a6c sp=0x0000007a1b2fd020
Event: 9.540 Thread 0x00000230af299050 DEOPT UNPACKING pc=0x00000230bec788e2 sp=0x0000007a1b2fc4d8 mode 0

Classes loaded (20 events):
Event: 0.711 Loading class java/util/concurrent/Callable
Event: 0.711 Loading class java/util/concurrent/Callable done
Event: 0.726 Loading class java/util/concurrent/CancellationException
Event: 0.726 Loading class java/util/concurrent/CancellationException done
Event: 0.726 Loading class java/util/concurrent/ExecutionException
Event: 0.727 Loading class java/util/concurrent/ExecutionException done
Event: 0.732 Loading class java/util/stream/SortedOps$SizedRefSortingSink
Event: 0.733 Loading class java/util/stream/SortedOps$SizedRefSortingSink done
Event: 0.734 Loading class java/lang/reflect/Executable$ParameterData
Event: 0.735 Loading class java/lang/reflect/Executable$ParameterData done
Event: 0.744 Loading class java/util/stream/SpinedBuffer
Event: 0.745 Loading class java/util/stream/AbstractSpinedBuffer
Event: 0.745 Loading class java/util/stream/AbstractSpinedBuffer done
Event: 0.745 Loading class java/util/stream/SpinedBuffer done
Event: 0.745 Loading class java/util/function/BooleanSupplier
Event: 0.745 Loading class java/util/function/BooleanSupplier done
Event: 0.756 Loading class java/util/ArrayList$ListItr
Event: 0.756 Loading class java/util/ArrayList$ListItr done
Event: 0.757 Loading class java/lang/invoke/WrongMethodTypeException
Event: 0.757 Loading class java/lang/invoke/WrongMethodTypeException done

Classes unloaded (0 events):
No events

Classes redefined (1 events):
Event: 9.556 Thread 0x00000230cbaf63c0 redefined class name=com.UD21.Calculadora.T21_Ej1.GeometriaTest, count=1

Internal exceptions (20 events):
Event: 0.584 Thread 0x00000230af299050 Exception <a 'java/lang/NoSuchMethodError'{0x000000008a76f798}: 'java.lang.Object java.lang.invoke.DirectMethodHandle$Holder.newInvokeSpecial(java.lang.Object, java.lang.Object, java.lang.Object, java.lang.Object, java.lang.Object, java.lang.Object)'> (0x000000008a76f798) 
thrown [s\open\src\hotspot\share\interpreter\linkResolver.cpp, line 773]
Event: 0.594 Thread 0x00000230af299050 Exception <a 'java/lang/NoSuchMethodError'{0x000000008bd0cde8}: 'void java.lang.invoke.DirectMethodHandle$Holder.invokeInterface(java.lang.Object, java.lang.Object, java.lang.Object, java.lang.Object, java.lang.Object)'> (0x000000008bd0cde8) 
thrown [s\open\src\hotspot\share\interpreter\linkResolver.cpp, line 773]
Event: 0.595 Thread 0x00000230af299050 Exception <a 'java/lang/IncompatibleClassChangeError'{0x000000008bd10a88}: Found class java.lang.Object, but interface was expected> (0x000000008bd10a88) 
thrown [s\open\src\hotspot\share\interpreter\linkResolver.cpp, line 840]
Event: 0.601 Thread 0x00000230af299050 Exception <a 'java/lang/IncompatibleClassChangeError'{0x000000008bd5f748}: Found class java.lang.Object, but interface was expected> (0x000000008bd5f748) 
thrown [s\open\src\hotspot\share\interpreter\linkResolver.cpp, line 840]
Event: 0.604 Thread 0x00000230af299050 Exception <a 'java/lang/NoSuchMethodError'{0x000000008bdeb390}: 'java.lang.Object java.lang.invoke.DirectMethodHandle$Holder.invokeStatic(java.lang.Object, java.lang.Object, int)'> (0x000000008bdeb390) 
thrown [s\open\src\hotspot\share\interpreter\linkResolver.cpp, line 773]
Event: 0.611 Thread 0x00000230af299050 Exception <a 'java/lang/NoSuchMethodError'{0x000000008bc57168}: 'void java.lang.invoke.DirectMethodHandle$Holder.invokeSpecial(java.lang.Object, java.lang.Object, java.lang.Object, java.lang.Object, java.lang.Object)'> (0x000000008bc57168) 
thrown [s\open\src\hotspot\share\interpreter\linkResolver.cpp, line 773]
Event: 0.665 Thread 0x00000230af299050 Exception <a 'java/lang/NoSuchMethodError'{0x000000008b70c4a0}: 'long java.lang.invoke.DirectMethodHandle$Holder.invokeSpecial(java.lang.Object, java.lang.Object)'> (0x000000008b70c4a0) 
thrown [s\open\src\hotspot\share\interpreter\linkResolver.cpp, line 773]
Event: 0.665 Thread 0x00000230af299050 Exception <a 'java/lang/NoSuchMethodError'{0x000000008b70f9d0}: 'long java.lang.invoke.Invokers$Holder.invokeExact_MT(java.lang.Object, java.lang.Object)'> (0x000000008b70f9d0) 
thrown [s\open\src\hotspot\share\interpreter\linkResolver.cpp, line 773]
Event: 0.689 Thread 0x00000230af299050 Exception <a 'java/lang/NoSuchMethodError'{0x000000008b7f8570}: 'void java.lang.invoke.DirectMethodHandle$Holder.invokeInterface(java.lang.Object, java.lang.Object, java.lang.Object, java.lang.Object)'> (0x000000008b7f8570) 
thrown [s\open\src\hotspot\share\interpreter\linkResolver.cpp, line 773]
Event: 0.689 Thread 0x00000230af299050 Exception <a 'java/lang/IncompatibleClassChangeError'{0x000000008b7fb9d8}: Found class java.lang.Object, but interface was expected> (0x000000008b7fb9d8) 
thrown [s\open\src\hotspot\share\interpreter\linkResolver.cpp, line 840]
Event: 0.692 Thread 0x00000230af299050 Exception <a 'java/lang/NoSuchMethodError'{0x000000008b62f6c0}: 'void java.lang.invoke.DirectMethodHandle$Holder.invokeStatic(java.lang.Object, java.lang.Object, java.lang.Object, java.lang.Object)'> (0x000000008b62f6c0) 
thrown [s\open\src\hotspot\share\interpreter\linkResolver.cpp, line 773]
Event: 0.701 Thread 0x00000230af299050 Exception <a 'java/lang/NoSuchMethodError'{0x000000008b533290}: 'int java.lang.invoke.DirectMethodHandle$Holder.invokeStatic(java.lang.Object, java.lang.Object, java.lang.Object, java.lang.Object)'> (0x000000008b533290) 
thrown [s\open\src\hotspot\share\interpreter\linkResolver.cpp, line 773]
Event: 0.702 Thread 0x00000230af299050 Exception <a 'java/lang/NoSuchMethodError'{0x000000008b539a80}: 'java.lang.Object java.lang.invoke.Invokers$Holder.invokeExact_MT(java.lang.Object, java.lang.Object, java.lang.Object, java.lang.Object, java.lang.Object, java.lang.Object)'> (0x000000008b539a80) 
thrown [s\open\src\hotspot\share\interpreter\linkResolver.cpp, line 773]
Event: 0.703 Thread 0x00000230af299050 Exception <a 'java/lang/NoSuchMethodError'{0x000000008b547a48}: 'int java.lang.invoke.DirectMethodHandle$Holder.invokeStatic(java.lang.Object, java.lang.Object, java.lang.Object, java.lang.Object, java.lang.Object)'> (0x000000008b547a48) 
thrown [s\open\src\hotspot\share\interpreter\linkResolver.cpp, line 773]
Event: 0.710 Thread 0x00000230af299050 Exception <a 'java/lang/NoSuchMethodError'{0x000000008b5cce60}: 'void java.lang.invoke.DirectMethodHandle$Holder.invokeStaticInit(java.lang.Object)'> (0x000000008b5cce60) 
thrown [s\open\src\hotspot\share\interpreter\linkResolver.cpp, line 773]
Event: 0.721 Thread 0x00000230af299050 Exception <a 'java/lang/NoSuchMethodError'{0x000000008b378e68}: 'void java.lang.invoke.DirectMethodHandle$Holder.invokeStaticInit(java.lang.Object, java.lang.Object, java.lang.Object, java.lang.Object)'> (0x000000008b378e68) 
thrown [s\open\src\hotspot\share\interpreter\linkResolver.cpp, line 773]
Event: 0.728 Thread 0x00000230af299050 Exception <a 'java/lang/NoSuchMethodError'{0x000000008b22e188}: 'int java.lang.invoke.DirectMethodHandle$Holder.invokeStaticInit(java.lang.Object, java.lang.Object)'> (0x000000008b22e188) 
thrown [s\open\src\hotspot\share\interpreter\linkResolver.cpp, line 773]
Event: 0.753 Thread 0x00000230af299050 Exception <a 'java/lang/NoSuchMethodError'{0x000000008b1aa520}: 'java.lang.Object java.lang.invoke.DirectMethodHandle$Holder.newInvokeSpecial(java.lang.Object, java.lang.Object, java.lang.Object, java.lang.Object, java.lang.Object, java.lang.Object, java.lang.Object)'> (0x000000008b1aa520) 
thrown [s\open\src\hotspot\share\interpreter\linkResolver.cpp, line 773]
Event: 0.754 Thread 0x00000230af299050 Exception <a 'java/lang/NoSuchMethodError'{0x000000008b1bf778}: 'java.lang.Object java.lang.invoke.DirectMethodHandle$Holder.invokeInterface(java.lang.Object, java.lang.Object, java.lang.Object, java.lang.Object, java.lang.Object)'> (0x000000008b1bf778) 
thrown [s\open\src\hotspot\share\interpreter\linkResolver.cpp, line 773]
Event: 0.754 Thread 0x00000230af299050 Exception <a 'java/lang/IncompatibleClassChangeError'{0x000000008b1c32a0}: Found class java.lang.Object, but interface was expected> (0x000000008b1c32a0) 
thrown [s\open\src\hotspot\share\interpreter\linkResolver.cpp, line 840]

ZGC Phase Switch (0 events):
No events

VM Operations (20 events):
Event: 1.626 Executing VM operation: get/set locals
Event: 1.626 Executing VM operation: get/set locals done
Event: 1.626 Executing VM operation: get/set locals
Event: 1.626 Executing VM operation: get/set locals done
Event: 1.627 Executing VM operation: get/set locals
Event: 1.627 Executing VM operation: get/set locals done
Event: 1.628 Executing VM operation: get/set locals
Event: 1.628 Executing VM operation: get/set locals done
Event: 1.629 Executing VM operation: get/set locals
Event: 1.629 Executing VM operation: get/set locals done
Event: 1.630 Executing VM operation: get/set locals
Event: 1.630 Executing VM operation: get/set locals done
Event: 9.539 Executing VM operation: ChangeSingleStep
Event: 9.539 Executing VM operation: ChangeSingleStep done
Event: 9.540 Executing VM operation: ChangeSingleStep
Event: 9.540 Executing VM operation: ChangeSingleStep done
Event: 9.550 Executing VM operation: RedefineClasses
Event: 9.563 Executing VM operation: RedefineClasses done
Event: 9.566 Executing VM operation: ChangeSingleStep
Event: 9.566 Executing VM operation: ChangeSingleStep done

Events (18 events):
Event: 0.027 Thread 0x00000230af299050 Thread added: 0x00000230af299050
Event: 0.040 Thread 0x00000230cbb228d0 Thread added: 0x00000230cbb228d0
Event: 0.040 Thread 0x00000230cbb23420 Thread added: 0x00000230cbb23420
Event: 0.040 Thread 0x00000230cbb24910 Thread added: 0x00000230cbb24910
Event: 0.040 Thread 0x00000230cbb25460 Thread added: 0x00000230cbb25460
Event: 0.040 Thread 0x00000230cbb260e0 Thread added: 0x00000230cbb260e0
Event: 0.040 Thread 0x00000230cbb26c30 Thread added: 0x00000230cbb26c30
Event: 0.040 Thread 0x00000230cbb30550 Thread added: 0x00000230cbb30550
Event: 0.040 Thread 0x00000230cbb52010 Thread added: 0x00000230cbb52010
Event: 0.062 Thread 0x00000231110efdd0 Thread added: 0x00000231110efdd0
Event: 0.087 Thread 0x00000231111b25f0 Thread added: 0x00000231111b25f0
Event: 0.087 Thread 0x00000231112f2400 Thread added: 0x00000231112f2400
Event: 0.087 Thread 0x000002311123d160 Thread added: 0x000002311123d160
Event: 0.308 Thread 0x0000023111408070 Thread added: 0x0000023111408070
Event: 0.315 Thread 0x0000023111424b20 Thread added: 0x0000023111424b20
Event: 0.416 Thread 0x00000231116656e0 Thread added: 0x00000231116656e0
Event: 0.630 Thread 0x0000023111c28be0 Thread added: 0x0000023111c28be0
Event: 5.759 Thread 0x0000023111c28be0 Thread exited: 0x0000023111c28be0


Dynamic libraries:
0x00007ff6be560000 - 0x00007ff6be570000 	C:\Program Files\Java\jdk-21\bin\javaw.exe
0x00007ffb4c030000 - 0x00007ffb4c247000 	C:\WINDOWS\SYSTEM32\ntdll.dll
0x00007ffb4ad50000 - 0x00007ffb4ae14000 	C:\WINDOWS\System32\KERNEL32.DLL
0x00007ffb49680000 - 0x00007ffb49a27000 	C:\WINDOWS\System32\KERNELBASE.dll
0x00007ffb46230000 - 0x00007ffb462c7000 	C:\WINDOWS\SYSTEM32\apphelp.dll
0x00007ffb49a60000 - 0x00007ffb49b71000 	C:\WINDOWS\System32\ucrtbase.dll
0x00007ffb3b930000 - 0x00007ffb3b949000 	C:\Program Files\Java\jdk-21\bin\jli.dll
0x00007ffb33180000 - 0x00007ffb3319b000 	C:\Program Files\Java\jdk-21\bin\VCRUNTIME140.dll
0x00007ffb4a0f0000 - 0x00007ffb4a1a2000 	C:\WINDOWS\System32\ADVAPI32.dll
0x00007ffb4b630000 - 0x00007ffb4b6d7000 	C:\WINDOWS\System32\msvcrt.dll
0x00007ffb49fc0000 - 0x00007ffb4a068000 	C:\WINDOWS\System32\sechost.dll
0x00007ffb49a30000 - 0x00007ffb49a58000 	C:\WINDOWS\System32\bcrypt.dll
0x00007ffb4b510000 - 0x00007ffb4b625000 	C:\WINDOWS\System32\RPCRT4.dll
0x00007ffb4a310000 - 0x00007ffb4a4be000 	C:\WINDOWS\System32\USER32.dll
0x00007ffb493c0000 - 0x00007ffb493e6000 	C:\WINDOWS\System32\win32u.dll
0x00007ffb32710000 - 0x00007ffb329a3000 	C:\WINDOWS\WinSxS\amd64_microsoft.windows.common-controls_6595b64144ccf1df_6.0.22621.3527_none_270e469b73872a76\COMCTL32.dll
0x00007ffb49ed0000 - 0x00007ffb49ef9000 	C:\WINDOWS\System32\GDI32.dll
0x00007ffb49c40000 - 0x00007ffb49d59000 	C:\WINDOWS\System32\gdi32full.dll
0x00007ffb49470000 - 0x00007ffb4950a000 	C:\WINDOWS\System32\msvcp_win.dll
0x00007ffb3fc30000 - 0x00007ffb3fc3a000 	C:\WINDOWS\SYSTEM32\VERSION.dll
0x00007ffb49f00000 - 0x00007ffb49f31000 	C:\WINDOWS\System32\IMM32.DLL
0x00007ffb3b920000 - 0x00007ffb3b92c000 	C:\Program Files\Java\jdk-21\bin\vcruntime140_1.dll
0x00007ffb06c80000 - 0x00007ffb06d0e000 	C:\Program Files\Java\jdk-21\bin\msvcp140.dll
0x00007ffb1c670000 - 0x00007ffb1d387000 	C:\Program Files\Java\jdk-21\bin\server\jvm.dll
0x00007ffb49dc0000 - 0x00007ffb49e31000 	C:\WINDOWS\System32\WS2_32.dll
0x00007ffb49210000 - 0x00007ffb4925d000 	C:\WINDOWS\SYSTEM32\POWRPROF.dll
0x00007ffb40620000 - 0x00007ffb40654000 	C:\WINDOWS\SYSTEM32\WINMM.dll
0x00007ffb491f0000 - 0x00007ffb49203000 	C:\WINDOWS\SYSTEM32\UMPDC.dll
0x00007ffb48370000 - 0x00007ffb48388000 	C:\WINDOWS\SYSTEM32\kernel.appcore.dll
0x00007ffb1c3a0000 - 0x00007ffb1c3aa000 	C:\Program Files\Java\jdk-21\bin\jimage.dll
0x00007ffb46d70000 - 0x00007ffb46fa2000 	C:\WINDOWS\SYSTEM32\DBGHELP.DLL
0x00007ffb4bc50000 - 0x00007ffb4bfd8000 	C:\WINDOWS\System32\combase.dll
0x00007ffb4b950000 - 0x00007ffb4ba27000 	C:\WINDOWS\System32\OLEAUT32.dll
0x00007ffb306a0000 - 0x00007ffb306d2000 	C:\WINDOWS\SYSTEM32\dbgcore.DLL
0x00007ffb493f0000 - 0x00007ffb49469000 	C:\WINDOWS\System32\bcryptPrimitives.dll
0x00007ffb3a5d0000 - 0x00007ffb3a60c000 	C:\Program Files\Java\jdk-21\bin\jdwp.dll
0x00007ffb44790000 - 0x00007ffb4479f000 	C:\Program Files\Java\jdk-21\bin\instrument.dll
0x00007ffb1c200000 - 0x00007ffb1c21f000 	C:\Program Files\Java\jdk-21\bin\java.dll
0x00007ffb4a4e0000 - 0x00007ffb4ad3c000 	C:\WINDOWS\System32\SHELL32.dll
0x00007ffb47290000 - 0x00007ffb47b86000 	C:\WINDOWS\SYSTEM32\windows.storage.dll
0x00007ffb47150000 - 0x00007ffb4728e000 	C:\WINDOWS\SYSTEM32\wintypes.dll
0x00007ffb4ba50000 - 0x00007ffb4bb45000 	C:\WINDOWS\System32\SHCORE.dll
0x00007ffb49d60000 - 0x00007ffb49dbe000 	C:\WINDOWS\System32\shlwapi.dll
0x00007ffb49280000 - 0x00007ffb492a1000 	C:\WINDOWS\SYSTEM32\profapi.dll
0x00007ffb177b0000 - 0x00007ffb17887000 	C:\Program Files\Java\jdk-21\bin\jsvml.dll
0x00007ffb44760000 - 0x00007ffb4476c000 	C:\Program Files\Java\jdk-21\bin\dt_socket.dll
0x00007ffb47df0000 - 0x00007ffb47e1d000 	C:\WINDOWS\SYSTEM32\IPHLPAPI.DLL
0x00007ffb487e0000 - 0x00007ffb48849000 	C:\WINDOWS\system32\mswsock.dll
0x00007ffb47e20000 - 0x00007ffb47f18000 	C:\WINDOWS\SYSTEM32\DNSAPI.dll
0x00007ffb4ae20000 - 0x00007ffb4ae29000 	C:\WINDOWS\System32\NSI.dll
0x00007ffb405c0000 - 0x00007ffb405ca000 	C:\Windows\System32\rasadhlp.dll
0x00007ffb3ffd0000 - 0x00007ffb40053000 	C:\WINDOWS\System32\fwpuclnt.dll
0x00007ffb17660000 - 0x00007ffb17678000 	C:\Program Files\Java\jdk-21\bin\zip.dll
0x00007ffb1c000000 - 0x00007ffb1c010000 	C:\Program Files\Java\jdk-21\bin\net.dll
0x00007ffb42be0000 - 0x00007ffb42d16000 	C:\WINDOWS\SYSTEM32\WINHTTP.dll
0x00007ffb17680000 - 0x00007ffb17696000 	C:\Program Files\Java\jdk-21\bin\nio.dll
0x00007ffb3a310000 - 0x00007ffb3a320000 	C:\Program Files\Java\jdk-21\bin\verify.dll
0x00007ffb09600000 - 0x00007ffb09609000 	C:\Program Files\Java\jdk-21\bin\extnet.dll

dbghelp: loaded successfully - version: 4.0.5 - missing functions: none
symbol engine: initialized successfully - sym options: 0x614 - pdb path: .;C:\Program Files\Java\jdk-21\bin;C:\WINDOWS\SYSTEM32;C:\WINDOWS\WinSxS\amd64_microsoft.windows.common-controls_6595b64144ccf1df_6.0.22621.3527_none_270e469b73872a76;C:\Program Files\Java\jdk-21\bin\server

VM Arguments:
jvm_args: -XX:+ShowCodeDetailsInExceptionMessages -agentlib:jdwp=transport=dt_socket,suspend=y,address=localhost:54880 -ea -javaagent:C:\Users\Sebas\eclipse\jee-2023-12\eclipse\configuration\org.eclipse.osgi\434\0\.cp\lib\javaagent-shaded.jar -Dfile.encoding=UTF-8 -Dstdout.encoding=UTF-8 -Dstderr.encoding=UTF-8 
java_command: org.eclipse.jdt.internal.junit.runner.RemoteTestRunner -version 3 -port 54879 -testLoaderClass org.eclipse.jdt.internal.junit5.runner.JUnit5TestLoader -loaderpluginname org.eclipse.jdt.junit5.runtime -classNames com.UD21.Calculadora.T21_Ej1.GeometriaTest
java_class_path (initial): C:\Users\Sebas\Desktop\GitHub-Tareas\T21-Ej1\target\test-classes;C:\Users\Sebas\Desktop\GitHub-Tareas\T21-Ej1\target\classes;C:\Users\Sebas\.p2\pool\plugins\junit-jupiter-api_5.10.1.jar;C:\Users\Sebas\.p2\pool\plugins\junit-jupiter-engine_5.10.1.jar;C:\Users\Sebas\.p2\pool\plugins\junit-jupiter-migrationsupport_5.10.1.jar;C:\Users\Sebas\.p2\pool\plugins\junit-jupiter-params_5.10.1.jar;C:\Users\Sebas\.p2\pool\plugins\junit-platform-commons_1.10.1.jar;C:\Users\Sebas\.p2\pool\plugins\junit-platform-engine_1.10.1.jar;C:\Users\Sebas\.p2\pool\plugins\junit-platform-launcher_1.10.1.jar;C:\Users\Sebas\.p2\pool\plugins\junit-platform-runner_1.10.1.jar;C:\Users\Sebas\.p2\pool\plugins\junit-platform-suite-api_1.10.1.jar;C:\Users\Sebas\.p2\pool\plugins\junit-platform-suite-engine_1.10.1.jar;C:\Users\Sebas\.p2\pool\plugins\junit-platform-suite-commons_1.10.1.jar;C:\Users\Sebas\.p2\pool\plugins\junit-vintage-engine_5.10.1.jar;C:\Users\Sebas\.p2\pool\plugins\org.opentest4j_1.3.0.jar;C:\Users\Sebas\.p2\pool\plugins\org.apiguardian.api_1.1.2.jar;C:\Users\Sebas\.p2\pool\plugins\org.junit_4.13.2.v20230809-1000.jar;C:\Users\Sebas\.p2\pool\plugins\org.hamcrest_2.2.0.jar;C:\Users\Sebas\.p2\pool\plugins\org.hamcrest.core_2.2.0.v20230809-1000.jar;C:\Users\Sebas\.m2\repository\junit\junit\4.11\junit-4.11.jar;C:\Users\Sebas\.m2\repository\org\hamcrest\hamcrest-core\1.3\hamcrest-core-1.3.jar;C:\Users\Sebas\eclipse\jee-2023-12\eclipse\configuration\org.eclipse.osgi\433\0\.cp;C:\Users\Sebas\eclipse\jee-2023-12\eclipse\configuration\org.eclipse.osgi\431\0\.cp
Launcher Type: SUN_STANDARD

[Global flags]
     intx CICompilerCount                          = 4                                         {product} {ergonomic}
     uint ConcGCThreads                            = 2                                         {product} {ergonomic}
     uint G1ConcRefinementThreads                  = 8                                         {product} {ergonomic}
   size_t G1HeapRegionSize                         = 1048576                                   {product} {ergonomic}
    uintx GCDrainStackTargetSize                   = 64                                        {product} {ergonomic}
   size_t InitialHeapSize                          = 130023424                                 {product} {ergonomic}
   size_t MarkStackSize                            = 4194304                                   {product} {ergonomic}
   size_t MaxHeapSize                              = 2078277632                                {product} {ergonomic}
   size_t MaxNewSize                               = 1246756864                                {product} {ergonomic}
   size_t MinHeapDeltaBytes                        = 1048576                                   {product} {ergonomic}
   size_t MinHeapSize                              = 8388608                                   {product} {ergonomic}
    uintx NonNMethodCodeHeapSize                   = 5839372                                {pd product} {ergonomic}
    uintx NonProfiledCodeHeapSize                  = 122909434                              {pd product} {ergonomic}
    uintx ProfiledCodeHeapSize                     = 122909434                              {pd product} {ergonomic}
    uintx ReservedCodeCacheSize                    = 251658240                              {pd product} {ergonomic}
     bool SegmentedCodeCache                       = true                                      {product} {ergonomic}
     bool ShowCodeDetailsInExceptionMessages       = true                                   {manageable} {command line}
   size_t SoftMaxHeapSize                          = 2078277632                             {manageable} {ergonomic}
     bool UseCompressedOops                        = true                           {product lp64_product} {ergonomic}
     bool UseG1GC                                  = true                                      {product} {ergonomic}
     bool UseLargePagesIndividualAllocation        = false                                  {pd product} {ergonomic}

Logging:
Log output configuration:
 #0: stdout all=warning uptime,level,tags foldmultilines=false
 #1: stderr all=off uptime,level,tags foldmultilines=false

Environment Variables:
PATH=C:\Program Files\Common Files\Oracle\Java\javapath;C:\WINDOWS\system32;C:\WINDOWS;C:\WINDOWS\System32\Wbem;C:\WINDOWS\System32\WindowsPowerShell\v1.0\;C:\WINDOWS\System32\OpenSSH\;C:\Program Files\dotnet\;C:\Program Files\Git\cmd;C:\Users\Sebas\AppData\Local\Microsoft\WindowsApps;C:\Users\Sebas\AppData\Local\GitHubDesktop\bin;C:\Users\Sebas\AppData\Local\Programs\Microsoft VS Code\bin
USERNAME=Sebas
OS=Windows_NT
PROCESSOR_IDENTIFIER=Intel64 Family 6 Model 140 Stepping 1, GenuineIntel
TMP=C:\Users\Sebas\AppData\Local\Temp
TEMP=C:\Users\Sebas\AppData\Local\Temp




Periodic native trim disabled

---------------  S Y S T E M  ---------------

OS:
 Windows 11 , 64 bit Build 22621 (10.0.22621.3527)
OS uptime: 1 days 1:30 hours

CPU: total 8 (initial active 8) (4 cores per cpu, 2 threads per core) family 6 model 140 stepping 1 microcode 0xb4, cx8, cmov, fxsr, ht, mmx, 3dnowpref, sse, sse2, sse3, ssse3, sse4.1, sse4.2, popcnt, lzcnt, tsc, tscinvbit, avx, avx2, aes, erms, clmul, bmi1, bmi2, adx, avx512f, avx512dq, avx512cd, avx512bw, avx512vl, sha, fma, vzeroupper, avx512_vpopcntdq, avx512_vpclmulqdq, avx512_vaes, avx512_vnni, clflush, clflushopt, clwb, avx512_vbmi2, avx512_vbmi, rdtscp, rdpid, fsrm, gfni, avx512_bitalg, f16c, pku, cet_ibt, cet_ss, avx512_ifma
Processor Information for all 8 processors :
  Max Mhz: 2419, Current Mhz: 2419, Mhz Limit: 2419

Memory: 4k page, system-wide physical 7926M (910M free)
TotalPageFile size 14592M (AvailPageFile size 2239M)
current process WorkingSet (physical memory assigned to process): 80M, peak: 87M
current process commit charge ("private bytes"): 218M, peak: 225M

vm_info: Java HotSpot(TM) 64-Bit Server VM (21.0.2+13-LTS-58) for windows-amd64 JRE (21.0.2+13-LTS-58), built on 2024-01-05T18:32:24Z by "mach5one" with MS VC++ 17.1 (VS2022)

END.
